  main.cpp
E:\新建文件夹11\unicorn\Emu\Emu\main.cpp(44,10): warning C4477: “printf”: 格式字符串“%p”需要类型“void *”的参数，但可变参数 1 拥有了类型“DWORD”
E:\新建文件夹11\unicorn\Emu\Emu\main.cpp(77,9): warning C4477: “printf”: 格式字符串“%p”需要类型“void *”的参数，但可变参数 1 拥有了类型“DWORD”
E:\新建文件夹11\unicorn\Emu\Emu\main.cpp(78,9): warning C4477: “printf”: 格式字符串“%p”需要类型“void *”的参数，但可变参数 1 拥有了类型“DWORD”
E:\新建文件夹11\unicorn\Emu\Emu\main.cpp(79,9): warning C4477: “printf”: 格式字符串“%p”需要类型“void *”的参数，但可变参数 1 拥有了类型“DWORD”
E:\新建文件夹11\unicorn\Emu\Emu\main.cpp(80,9): warning C4477: “printf”: 格式字符串“%p”需要类型“void *”的参数，但可变参数 1 拥有了类型“DWORD”
E:\新建文件夹11\unicorn\Emu\Emu\main.cpp(81,9): warning C4477: “printf”: 格式字符串“%p”需要类型“void *”的参数，但可变参数 1 拥有了类型“DWORD”
E:\新建文件夹11\unicorn\Emu\Emu\main.cpp(82,9): warning C4477: “printf”: 格式字符串“%p”需要类型“void *”的参数，但可变参数 1 拥有了类型“DWORD”
E:\新建文件夹11\unicorn\Emu\Emu\main.cpp(83,9): warning C4477: “printf”: 格式字符串“%p”需要类型“void *”的参数，但可变参数 1 拥有了类型“DWORD”
E:\新建文件夹11\unicorn\Emu\Emu\main.cpp(84,9): warning C4477: “printf”: 格式字符串“%p”需要类型“void *”的参数，但可变参数 1 拥有了类型“DWORD”
E:\新建文件夹11\unicorn\Emu\Emu\main.cpp(85,9): warning C4477: “printf”: 格式字符串“%p”需要类型“void *”的参数，但可变参数 1 拥有了类型“DWORD”
E:\新建文件夹11\unicorn\Emu\Emu\main.cpp(86,9): warning C4477: “printf”: 格式字符串“%p”需要类型“void *”的参数，但可变参数 1 拥有了类型“DWORD”
E:\新建文件夹11\unicorn\Emu\Emu\main.cpp(212,12): warning C4477: “printf”: 格式字符串“%p”需要类型“void *”的参数，但可变参数 1 拥有了类型“DWORD”
E:\新建文件夹11\unicorn\Emu\Emu\main.cpp(220,11): warning C4477: “printf”: 格式字符串“%p”需要类型“void *”的参数，但可变参数 1 拥有了类型“DWORD”
  正在生成代码
  1 of 72 functions ( 1.4%) were compiled, the rest were copied from previous compilation.
    0 functions were new in current compilation
    0 functions had inline decision re-evaluated but remain unchanged
  已完成代码的生成
  Emu.vcxproj -> E:\新建文件夹11\unicorn\Emu\Release\Emu.exe
